CVA/app/build/intermediates/manifest_merge_blame_file/debug/manifest-merger-blame-debug-report.txt
1<?xml version="1.0" encoding="utf-8"?>
2<manifest xmlns:android="http://schemas.android.com/apk/res/android"
3    package="com.example.cva_videollamada"
4    android:versionCode="1"
5    android:versionName="1.0" >
6
7    <uses-sdk
8        android:minSdkVersion="23"
8-->src\main\AndroidManifest.xml
9        android:targetSdkVersion="30" />
9-->src\main\AndroidManifest.xml
10
11    <uses-permission android:name="android.permission.INTERNET" />
11-->src\main\AndroidManifest.xml:6:5-67
11-->src\main\AndroidManifest.xml:6:22-64
12    <uses-permission android:name="Android.permission.READ_PHONE_STATE" />
12-->src\main\AndroidManifest.xml:7:5-75
12-->src\main\AndroidManifest.xml:7:22-72
13
14    <!-- XXX ACCESS_NETWORK_STATE is required by WebRTC. -->
15    <uses-permission android:name="android.permission.ACCESS_NETWORK_STATE" />
15-->[org.jitsi.react:jitsi-meet-sdk:2.11.0] AndroidManifest.xml:9:5-79
15-->[org.jitsi.react:jitsi-meet-sdk:2.11.0] AndroidManifest.xml:9:22-76
16    <uses-permission android:name="android.permission.BLUETOOTH" />
16-->[org.jitsi.react:jitsi-meet-sdk:2.11.0] AndroidManifest.xml:10:5-68
16-->[org.jitsi.react:jitsi-meet-sdk:2.11.0] AndroidManifest.xml:10:22-65
17    <uses-permission android:name="android.permission.CAMERA" />
17-->[org.jitsi.react:jitsi-meet-sdk:2.11.0] AndroidManifest.xml:11:5-65
17-->[org.jitsi.react:jitsi-meet-sdk:2.11.0] AndroidManifest.xml:11:22-62
18    <uses-permission android:name="android.permission.MANAGE_OWN_CALLS" />
18-->[org.jitsi.react:jitsi-meet-sdk:2.11.0] AndroidManifest.xml:13:5-75
18-->[org.jitsi.react:jitsi-meet-sdk:2.11.0] AndroidManifest.xml:13:22-72
19    <uses-permission android:name="android.permission.MODIFY_AUDIO_SETTINGS" />
19-->[org.jitsi.react:jitsi-meet-sdk:2.11.0] AndroidManifest.xml:14:5-80
19-->[org.jitsi.react:jitsi-meet-sdk:2.11.0] AndroidManifest.xml:14:22-77
20    <uses-permission android:name="android.permission.RECORD_AUDIO" />
20-->[org.jitsi.react:jitsi-meet-sdk:2.11.0] AndroidManifest.xml:15:5-71
20-->[org.jitsi.react:jitsi-meet-sdk:2.11.0] AndroidManifest.xml:15:22-68
21    <uses-permission android:name="android.permission.SYSTEM_ALERT_WINDOW" />
21-->[org.jitsi.react:jitsi-meet-sdk:2.11.0] AndroidManifest.xml:16:5-78
21-->[org.jitsi.react:jitsi-meet-sdk:2.11.0] AndroidManifest.xml:16:22-75
22    <uses-permission android:name="android.permission.WAKE_LOCK" />
22-->[org.jitsi.react:jitsi-meet-sdk:2.11.0] AndroidManifest.xml:17:5-68
22-->[org.jitsi.react:jitsi-meet-sdk:2.11.0] AndroidManifest.xml:17:22-65
23    <uses-permission android:name="android.permission.ACCESS_WIFI_STATE" />
23-->[org.jitsi.react:jitsi-meet-sdk:2.11.0] AndroidManifest.xml:18:5-76
23-->[org.jitsi.react:jitsi-meet-sdk:2.11.0] AndroidManifest.xml:18:22-73
24    <uses-permission android:name="android.permission.FOREGROUND_SERVICE" />
24-->[org.jitsi.react:jitsi-meet-sdk:2.11.0] AndroidManifest.xml:19:5-77
24-->[org.jitsi.react:jitsi-meet-sdk:2.11.0] AndroidManifest.xml:19:22-74
25
26    <uses-feature
26-->[org.jitsi.react:jitsi-meet-sdk:2.11.0] AndroidManifest.xml:21:5-23:35
27        android:glEsVersion="0x00020000"
27-->[org.jitsi.react:jitsi-meet-sdk:2.11.0] AndroidManifest.xml:22:9-41
28        android:required="true" />
28-->[org.jitsi.react:jitsi-meet-sdk:2.11.0] AndroidManifest.xml:23:9-32
29    <uses-feature
29-->[org.jitsi.react:jitsi-meet-sdk:2.11.0] AndroidManifest.xml:24:5-26:36
30        android:name="android.hardware.camera"
30-->[org.jitsi.react:jitsi-meet-sdk:2.11.0] AndroidManifest.xml:25:9-47
31        android:required="false" />
31-->[org.jitsi.react:jitsi-meet-sdk:2.11.0] AndroidManifest.xml:26:9-33
32    <uses-feature
32-->[org.jitsi.react:jitsi-meet-sdk:2.11.0] AndroidManifest.xml:27:5-29:36
33        android:name="android.hardware.camera.autofocus"
33-->[org.jitsi.react:jitsi-meet-sdk:2.11.0] AndroidManifest.xml:28:9-57
34        android:required="false" /> <!-- Create a unique permission for your app and use it so only your app can receive your OneSignal messages. -->
34-->[org.jitsi.react:jitsi-meet-sdk:2.11.0] AndroidManifest.xml:29:9-33
35    <permission
35-->[com.onesignal:OneSignal:4.4.0] AndroidManifest.xml:7:5-9:47
36        android:name="com.example.cva_videollamada.permission.C2D_MESSAGE"
36-->[com.onesignal:OneSignal:4.4.0] AndroidManifest.xml:8:9-63
37        android:protectionLevel="signature" />
37-->[com.onesignal:OneSignal:4.4.0] AndroidManifest.xml:9:9-44
38
39    <uses-permission android:name="com.example.cva_videollamada.permission.C2D_MESSAGE" /> <!-- c2dm RECEIVE are basic requirements for push messages through Google's FCM -->
39-->[com.onesignal:OneSignal:4.4.0] AndroidManifest.xml:11:5-79
39-->[com.onesignal:OneSignal:4.4.0] AndroidManifest.xml:11:22-76
40    <uses-permission android:name="com.google.android.c2dm.permission.RECEIVE" />
40-->[com.onesignal:OneSignal:4.4.0] AndroidManifest.xml:17:5-82
40-->[com.onesignal:OneSignal:4.4.0] AndroidManifest.xml:17:22-79
41    <!--
42 Required so the device vibrates on receiving a push notification.
43         Vibration settings of the device still apply.
44    -->
45    <uses-permission android:name="android.permission.VIBRATE" />
45-->[com.onesignal:OneSignal:4.4.0] AndroidManifest.xml:23:5-66
45-->[com.onesignal:OneSignal:4.4.0] AndroidManifest.xml:23:22-63
46    <!--
47 Use to restore notifications the user hasn't interacted with.
48         They could be missed notifications if the user reboots their device if this isn't in place.
49    -->
50    <uses-permission android:name="android.permission.RECEIVE_BOOT_COMPLETED" /> <!-- START: ShortcutBadger -->
50-->[com.onesignal:OneSignal:4.4.0] AndroidManifest.xml:29:5-81
50-->[com.onesignal:OneSignal:4.4.0] AndroidManifest.xml:29:22-78
51    <!-- Samsung -->
52    <uses-permission android:name="com.sec.android.provider.badge.permission.READ" />
52-->[com.onesignal:OneSignal:4.4.0] AndroidManifest.xml:31:5-86
52-->[com.onesignal:OneSignal:4.4.0] AndroidManifest.xml:31:22-83
53    <uses-permission android:name="com.sec.android.provider.badge.permission.WRITE" /> <!-- HTC -->
53-->[com.onesignal:OneSignal:4.4.0] AndroidManifest.xml:32:5-87
53-->[com.onesignal:OneSignal:4.4.0] AndroidManifest.xml:32:22-84
54    <uses-permission android:name="com.htc.launcher.permission.READ_SETTINGS" />
54-->[com.onesignal:OneSignal:4.4.0] AndroidManifest.xml:33:5-81
54-->[com.onesignal:OneSignal:4.4.0] AndroidManifest.xml:33:22-78
55    <uses-permission android:name="com.htc.launcher.permission.UPDATE_SHORTCUT" /> <!-- Sony -->
55-->[com.onesignal:OneSignal:4.4.0] AndroidManifest.xml:34:5-83
55-->[com.onesignal:OneSignal:4.4.0] AndroidManifest.xml:34:22-80
56    <uses-permission android:name="com.sonyericsson.home.permission.BROADCAST_BADGE" />
56-->[com.onesignal:OneSignal:4.4.0] AndroidManifest.xml:35:5-88
56-->[com.onesignal:OneSignal:4.4.0] AndroidManifest.xml:35:22-85
57    <uses-permission android:name="com.sonymobile.home.permission.PROVIDER_INSERT_BADGE" /> <!-- Apex -->
57-->[com.onesignal:OneSignal:4.4.0] AndroidManifest.xml:36:5-92
57-->[com.onesignal:OneSignal:4.4.0] AndroidManifest.xml:36:22-89
58    <uses-permission android:name="com.anddoes.launcher.permission.UPDATE_COUNT" /> <!-- Solid -->
58-->[com.onesignal:OneSignal:4.4.0] AndroidManifest.xml:37:5-84
58-->[com.onesignal:OneSignal:4.4.0] AndroidManifest.xml:37:22-81
59    <uses-permission android:name="com.majeur.launcher.permission.UPDATE_BADGE" /> <!-- Huawei -->
59-->[com.onesignal:OneSignal:4.4.0] AndroidManifest.xml:38:5-83
59-->[com.onesignal:OneSignal:4.4.0] AndroidManifest.xml:38:22-80
60    <uses-permission android:name="com.huawei.android.launcher.permission.CHANGE_BADGE" />
60-->[com.onesignal:OneSignal:4.4.0] AndroidManifest.xml:39:5-91
60-->[com.onesignal:OneSignal:4.4.0] AndroidManifest.xml:39:22-88
61    <uses-permission android:name="com.huawei.android.launcher.permission.READ_SETTINGS" />
61-->[com.onesignal:OneSignal:4.4.0] AndroidManifest.xml:40:5-92
61-->[com.onesignal:OneSignal:4.4.0] AndroidManifest.xml:40:22-89
62    <uses-permission android:name="com.huawei.android.launcher.permission.WRITE_SETTINGS" /> <!-- ZUK -->
62-->[com.onesignal:OneSignal:4.4.0] AndroidManifest.xml:41:5-93
62-->[com.onesignal:OneSignal:4.4.0] AndroidManifest.xml:41:22-90
63    <uses-permission android:name="android.permission.READ_APP_BADGE" /> <!-- OPPO -->
63-->[com.onesignal:OneSignal:4.4.0] AndroidManifest.xml:42:5-73
63-->[com.onesignal:OneSignal:4.4.0] AndroidManifest.xml:42:22-70
64    <uses-permission android:name="com.oppo.launcher.permission.READ_SETTINGS" />
64-->[com.onesignal:OneSignal:4.4.0] AndroidManifest.xml:43:5-82
64-->[com.onesignal:OneSignal:4.4.0] AndroidManifest.xml:43:22-79
65    <uses-permission android:name="com.oppo.launcher.permission.WRITE_SETTINGS" /> <!-- EvMe -->
65-->[com.onesignal:OneSignal:4.4.0] AndroidManifest.xml:44:5-83
65-->[com.onesignal:OneSignal:4.4.0] AndroidManifest.xml:44:22-80
66    <uses-permission android:name="me.everything.badger.permission.BADGE_COUNT_READ" />
66-->[com.onesignal:OneSignal:4.4.0] AndroidManifest.xml:45:5-88
66-->[com.onesignal:OneSignal:4.4.0] AndroidManifest.xml:45:22-85
67    <uses-permission android:name="me.everything.badger.permission.BADGE_COUNT_WRITE" />
67-->[com.onesignal:OneSignal:4.4.0] AndroidManifest.xml:46:5-89
67-->[com.onesignal:OneSignal:4.4.0] AndroidManifest.xml:46:22-86
68    <uses-permission android:name="android.permission.WRITE_CALENDAR" />
68-->[com.facebook.react:react-native-calendar-events:2.0.0-jitsi-5932602] AndroidManifest.xml:11:5-73
68-->[com.facebook.react:react-native-calendar-events:2.0.0-jitsi-5932602] AndroidManifest.xml:11:22-70
69    <uses-permission android:name="android.permission.READ_CALENDAR" />
69-->[com.facebook.react:react-native-calendar-events:2.0.0-jitsi-5932602] AndroidManifest.xml:12:5-72
69-->[com.facebook.react:react-native-calendar-events:2.0.0-jitsi-5932602] AndroidManifest.xml:12:22-69
70    <uses-permission android:name="com.google.android.finsky.permission.BIND_GET_INSTALL_REFERRER_SERVICE" />
70-->[com.google.android.gms:play-services-measurement:19.0.0] AndroidManifest.xml:26:5-110
70-->[com.google.android.gms:play-services-measurement:19.0.0] AndroidManifest.xml:26:22-107
71
72    <application
72-->src\main\AndroidManifest.xml:9:5-63:19
73        android:allowBackup="true"
73-->src\main\AndroidManifest.xml:10:9-35
74        android:appComponentFactory="androidx.core.app.CoreComponentFactory"
74-->[androidx.core:core:1.5.0] AndroidManifest.xml:24:18-86
75        android:debuggable="true"
76        android:extractNativeLibs="false"
77        android:icon="@mipmap/ic_launcher_cva"
77-->src\main\AndroidManifest.xml:11:9-47
78        android:label="@string/app_name"
78-->src\main\AndroidManifest.xml:12:9-41
79        android:roundIcon="@mipmap/ic_launcher_round"
79-->src\main\AndroidManifest.xml:13:9-54
80        android:supportsRtl="true"
80-->src\main\AndroidManifest.xml:14:9-35
81        android:testOnly="true"
82        android:theme="@style/Theme.CVA_VIDEOLLAMADA"
82-->src\main\AndroidManifest.xml:15:9-54
83        android:usesCleartextTraffic="true" >
83-->src\main\AndroidManifest.xml:16:9-44
84        <activity android:name="com.example.cva_videollamada.activity.Vendedor.cerrar_sesion_vendedor" />
84-->src\main\AndroidManifest.xml:18:9-78
84-->src\main\AndroidManifest.xml:18:19-75
85        <activity android:name="com.example.cva_videollamada.activity.Comprador.cerrar_sesion_comprador" />
85-->src\main\AndroidManifest.xml:19:9-80
85-->src\main\AndroidManifest.xml:19:19-77
86        <activity android:name="com.example.cva_videollamada.activity.Comprador.comprar_Activity" />
86-->src\main\AndroidManifest.xml:20:9-73
86-->src\main\AndroidManifest.xml:20:19-70
87        <activity android:name="com.example.cva_videollamada.activity.verUsuarios_Activity" />
87-->src\main\AndroidManifest.xml:21:9-67
87-->src\main\AndroidManifest.xml:21:19-64
88        <activity android:name="com.example.cva_videollamada.activity.Vendedor.vender" />
88-->src\main\AndroidManifest.xml:22:9-62
88-->src\main\AndroidManifest.xml:22:19-59
89        <activity android:name="com.example.cva_videollamada.activity.Vendedor.perfil_admin" />
89-->src\main\AndroidManifest.xml:23:9-68
89-->src\main\AndroidManifest.xml:23:19-65
90        <activity android:name="com.example.cva_videollamada.activity.Comprador.perfil_Activity" />
90-->src\main\AndroidManifest.xml:24:9-72
90-->src\main\AndroidManifest.xml:24:19-69
91        <activity android:name="com.example.cva_videollamada.activity.Vendedor.menu_chat_Admin" />
91-->src\main\AndroidManifest.xml:25:9-71
91-->src\main\AndroidManifest.xml:25:19-68
92        <activity android:name="com.example.cva_videollamada.activity.Comprador.Menu_chat_activity" />
92-->src\main\AndroidManifest.xml:26:9-75
92-->src\main\AndroidManifest.xml:26:19-72
93        <activity android:name="com.example.cva_videollamada.activity.Mensajeria.mensajeria_activity" />
93-->src\main\AndroidManifest.xml:27:9-77
93-->src\main\AndroidManifest.xml:27:19-74
94        <activity android:name="com.example.cva_videollamada.activity.Vendedor.lista_carros" />
94-->src\main\AndroidManifest.xml:28:9-68
94-->src\main\AndroidManifest.xml:28:19-65
95        <activity android:name="com.example.cva_videollamada.activity.InicioActivity" />
95-->src\main\AndroidManifest.xml:29:9-61
95-->src\main\AndroidManifest.xml:29:19-58
96        <activity android:name="com.example.cva_videollamada.activity.Vendedor.chat_admin" />
96-->src\main\AndroidManifest.xml:30:9-66
96-->src\main\AndroidManifest.xml:30:19-63
97        <activity android:name="com.example.cva_videollamada.activity.splash_activity" >
97-->src\main\AndroidManifest.xml:31:9-37:20
97-->src\main\AndroidManifest.xml:31:19-59
98            <intent-filter>
98-->src\main\AndroidManifest.xml:32:13-36:29
99                <action android:name="android.intent.action.MAIN" />
99-->src\main\AndroidManifest.xml:33:17-69
99-->src\main\AndroidManifest.xml:33:25-66
100
101                <category android:name="android.intent.category.LAUNCHER" />
101-->src\main\AndroidManifest.xml:35:17-77
101-->src\main\AndroidManifest.xml:35:27-74
102            </intent-filter>
103        </activity>
104        <activity
104-->src\main\AndroidManifest.xml:38:9-40:52
105            android:name="com.example.cva_videollamada.activity.VideoLlamada.OutgoingInvitationActivity"
105-->src\main\AndroidManifest.xml:39:13-77
106            android:screenOrientation="portrait" />
106-->src\main\AndroidManifest.xml:40:13-49
107        <activity
107-->src\main\AndroidManifest.xml:41:9-43:52
108            android:name="com.example.cva_videollamada.activity.VideoLlamada.IncomingInvitationActivity"
108-->src\main\AndroidManifest.xml:42:13-77
109            android:screenOrientation="portrait" />
109-->src\main\AndroidManifest.xml:43:13-49
110        <activity
110-->src\main\AndroidManifest.xml:44:9-47:67
111            android:name="com.example.cva_videollamada.RegistroInicioSesion.SignInActivity"
111-->src\main\AndroidManifest.xml:45:13-64
112            android:screenOrientation="portrait"
112-->src\main\AndroidManifest.xml:46:13-49
113            android:windowSoftInputMode="adjustResize" />
113-->src\main\AndroidManifest.xml:47:13-55
114        <activity
114-->src\main\AndroidManifest.xml:48:9-51:58
115            android:name="com.example.cva_videollamada.RegistroInicioSesion.SignUpActivity"
115-->src\main\AndroidManifest.xml:49:13-64
116            android:screenOrientation="portrait"
116-->src\main\AndroidManifest.xml:50:13-49
117            android:windowSoftInputMode="adjustResize" />
117-->src\main\AndroidManifest.xml:51:13-55
118        <activity
118-->src\main\AndroidManifest.xml:52:9-54:52
119            android:name="com.example.cva_videollamada.activity.VideoLlamada.MainActivity"
119-->src\main\AndroidManifest.xml:53:13-63
120            android:screenOrientation="portrait" />
120-->src\main\AndroidManifest.xml:54:13-49
121
122        <service
122-->src\main\AndroidManifest.xml:56:9-62:19
123            android:name="com.example.cva_videollamada.firebase.MessagingService"
123-->src\main\AndroidManifest.xml:57:13-54
124            android:exported="false" >
124-->src\main\AndroidManifest.xml:58:13-37
125            <intent-filter>
125-->src\main\AndroidManifest.xml:59:13-61:29
126                <action android:name="com.google.firebase.MESSAGING_EVENT" />
126-->src\main\AndroidManifest.xml:60:17-78
126-->src\main\AndroidManifest.xml:60:25-75
127            </intent-filter>
128        </service>
129
130        <activity
130-->[org.jitsi.react:jitsi-meet-sdk:2.11.0] AndroidManifest.xml:35:9-41:58
131            android:name="org.jitsi.meet.sdk.JitsiMeetActivity"
131-->[org.jitsi.react:jitsi-meet-sdk:2.11.0] AndroidManifest.xml:36:13-64
132            android:configChanges="keyboard|keyboardHidden|orientation|screenLayout|screenSize|smallestScreenSize"
132-->[org.jitsi.react:jitsi-meet-sdk:2.11.0] AndroidManifest.xml:37:13-115
133            android:launchMode="singleTask"
133-->[org.jitsi.react:jitsi-meet-sdk:2.11.0] AndroidManifest.xml:38:13-44
134            android:resizeableActivity="true"
134-->[org.jitsi.react:jitsi-meet-sdk:2.11.0] AndroidManifest.xml:39:13-46
135            android:supportsPictureInPicture="true"
135-->[org.jitsi.react:jitsi-meet-sdk:2.11.0] AndroidManifest.xml:40:13-52
136            android:windowSoftInputMode="adjustResize" />
136-->[org.jitsi.react:jitsi-meet-sdk:2.11.0] AndroidManifest.xml:41:13-55
137        <activity android:name="com.facebook.react.devsupport.DevSettingsActivity" />
137-->[org.jitsi.react:jitsi-meet-sdk:2.11.0] AndroidManifest.xml:42:9-86
137-->[org.jitsi.react:jitsi-meet-sdk:2.11.0] AndroidManifest.xml:42:19-83
138
139        <service
139-->[org.jitsi.react:jitsi-meet-sdk:2.11.0] AndroidManifest.xml:44:9-50:19
140            android:name="org.jitsi.meet.sdk.ConnectionService"
140-->[org.jitsi.react:jitsi-meet-sdk:2.11.0] AndroidManifest.xml:45:13-64
141            android:permission="android.permission.BIND_TELECOM_CONNECTION_SERVICE" >
141-->[org.jitsi.react:jitsi-meet-sdk:2.11.0] AndroidManifest.xml:46:13-84
142            <intent-filter>
142-->[org.jitsi.react:jitsi-meet-sdk:2.11.0] AndroidManifest.xml:47:13-49:29
143                <action android:name="android.telecom.ConnectionService" />
143-->[org.jitsi.react:jitsi-meet-sdk:2.11.0] AndroidManifest.xml:48:17-76
143-->[org.jitsi.react:jitsi-meet-sdk:2.11.0] AndroidManifest.xml:48:25-73
144            </intent-filter>
145        </service>
146        <service
146-->[org.jitsi.react:jitsi-meet-sdk:2.11.0] AndroidManifest.xml:51:9-53:63
147            android:name="org.jitsi.meet.sdk.JitsiMeetOngoingConferenceService"
147-->[org.jitsi.react:jitsi-meet-sdk:2.11.0] AndroidManifest.xml:52:13-80
148            android:foregroundServiceType="mediaProjection" />
148-->[org.jitsi.react:jitsi-meet-sdk:2.11.0] AndroidManifest.xml:53:13-60
149
150        <receiver
150-->[com.onesignal:OneSignal:4.4.0] AndroidManifest.xml:49:9-59:20
151            android:name="com.onesignal.FCMBroadcastReceiver"
151-->[com.onesignal:OneSignal:4.4.0] AndroidManifest.xml:50:13-62
152            android:permission="com.google.android.c2dm.permission.SEND" >
152-->[com.onesignal:OneSignal:4.4.0] AndroidManifest.xml:51:13-73
153
154            <!-- High priority so OneSignal payloads can be filtered from other FCM receivers -->
155            <intent-filter android:priority="999" >
155-->[com.onesignal:OneSignal:4.4.0] AndroidManifest.xml:54:13-58:29
155-->[com.onesignal:OneSignal:4.4.0] AndroidManifest.xml:54:28-50
156                <action android:name="com.google.android.c2dm.intent.RECEIVE" />
156-->[com.onesignal:OneSignal:4.4.0] AndroidManifest.xml:55:17-81
156-->[com.onesignal:OneSignal:4.4.0] AndroidManifest.xml:55:25-78
157
158                <category android:name="com.example.cva_videollamada" />
158-->[com.onesignal:OneSignal:4.4.0] AndroidManifest.xml:57:17-61
158-->[com.onesignal:OneSignal:4.4.0] AndroidManifest.xml:57:27-58
159            </intent-filter>
160        </receiver>
161
162        <service
162-->[com.onesignal:OneSignal:4.4.0] AndroidManifest.xml:61:9-67:19
163            android:name="com.onesignal.HmsMessageServiceOneSignal"
163-->[com.onesignal:OneSignal:4.4.0] AndroidManifest.xml:62:13-68
164            android:exported="false" >
164-->[com.onesignal:OneSignal:4.4.0] AndroidManifest.xml:63:13-37
165            <intent-filter>
165-->[com.onesignal:OneSignal:4.4.0] AndroidManifest.xml:64:13-66:29
166                <action android:name="com.huawei.push.action.MESSAGING_EVENT" />
166-->[com.onesignal:OneSignal:4.4.0] AndroidManifest.xml:65:17-81
166-->[com.onesignal:OneSignal:4.4.0] AndroidManifest.xml:65:25-78
167            </intent-filter>
168        </service>
169
170        <activity
170-->[com.onesignal:OneSignal:4.4.0] AndroidManifest.xml:69:9-76:20
171            android:name="com.onesignal.NotificationOpenedActivityHMS"
171-->[com.onesignal:OneSignal:4.4.0] AndroidManifest.xml:70:13-71
172            android:noHistory="true"
172-->[com.onesignal:OneSignal:4.4.0] AndroidManifest.xml:71:13-37
173            android:theme="@android:style/Theme.Translucent.NoTitleBar" >
173-->[com.onesignal:OneSignal:4.4.0] AndroidManifest.xml:72:13-72
174            <intent-filter>
174-->[com.onesignal:OneSignal:4.4.0] AndroidManifest.xml:73:13-75:29
175                <action android:name="android.intent.action.VIEW" />
175-->[com.onesignal:OneSignal:4.4.0] AndroidManifest.xml:74:17-69
175-->[com.onesignal:OneSignal:4.4.0] AndroidManifest.xml:74:25-66
176            </intent-filter>
177        </activity>
178
179        <service android:name="com.onesignal.FCMIntentService" />
179-->[com.onesignal:OneSignal:4.4.0] AndroidManifest.xml:78:9-66
179-->[com.onesignal:OneSignal:4.4.0] AndroidManifest.xml:78:18-63
180        <service
180-->[com.onesignal:OneSignal:4.4.0] AndroidManifest.xml:79:9-81:72
181            android:name="com.onesignal.FCMIntentJobService"
181-->[com.onesignal:OneSignal:4.4.0] AndroidManifest.xml:80:13-61
182            android:permission="android.permission.BIND_JOB_SERVICE" />
182-->[com.onesignal:OneSignal:4.4.0] AndroidManifest.xml:81:13-69
183        <service
183-->[com.onesignal:OneSignal:4.4.0] AndroidManifest.xml:82:9-84:43
184            android:name="com.onesignal.FocusDelaySyncService"
184-->[com.onesignal:OneSignal:4.4.0] AndroidManifest.xml:83:13-63
185            android:stopWithTask="true" />
185-->[com.onesignal:OneSignal:4.4.0] AndroidManifest.xml:84:13-40
186        <service
186-->[com.onesignal:OneSignal:4.4.0] AndroidManifest.xml:85:9-87:72
187            android:name="com.onesignal.FocusDelaySyncJobService"
187-->[com.onesignal:OneSignal:4.4.0] AndroidManifest.xml:86:13-66
188            android:permission="android.permission.BIND_JOB_SERVICE" />
188-->[com.onesignal:OneSignal:4.4.0] AndroidManifest.xml:87:13-69
189        <service
189-->[com.onesignal:OneSignal:4.4.0] AndroidManifest.xml:88:9-90:43
190            android:name="com.onesignal.SyncService"
190-->[com.onesignal:OneSignal:4.4.0] AndroidManifest.xml:89:13-53
191            android:stopWithTask="true" />
191-->[com.onesignal:OneSignal:4.4.0] AndroidManifest.xml:90:13-40
192        <service
192-->[com.onesignal:OneSignal:4.4.0] AndroidManifest.xml:91:9-93:72
193            android:name="com.onesignal.SyncJobService"
193-->[com.onesignal:OneSignal:4.4.0] AndroidManifest.xml:92:13-56
194            android:permission="android.permission.BIND_JOB_SERVICE" />
194-->[com.onesignal:OneSignal:4.4.0] AndroidManifest.xml:93:13-69
195
196        <activity
196-->[com.onesignal:OneSignal:4.4.0] AndroidManifest.xml:95:9-97:75
197            android:name="com.onesignal.PermissionsActivity"
197-->[com.onesignal:OneSignal:4.4.0] AndroidManifest.xml:96:13-61
198            android:theme="@android:style/Theme.Translucent.NoTitleBar" />
198-->[com.onesignal:OneSignal:4.4.0] AndroidManifest.xml:97:13-72
199
200        <receiver android:name="com.onesignal.NotificationDismissReceiver" />
200-->[com.onesignal:OneSignal:4.4.0] AndroidManifest.xml:99:9-78
200-->[com.onesignal:OneSignal:4.4.0] AndroidManifest.xml:99:19-75
201        <receiver android:name="com.onesignal.BootUpReceiver" >
201-->[com.onesignal:OneSignal:4.4.0] AndroidManifest.xml:100:9-105:20
201-->[com.onesignal:OneSignal:4.4.0] AndroidManifest.xml:100:19-62
202            <intent-filter>
202-->[com.onesignal:OneSignal:4.4.0] AndroidManifest.xml:101:13-104:29
203                <action android:name="android.intent.action.BOOT_COMPLETED" />
203-->[com.onesignal:OneSignal:4.4.0] AndroidManifest.xml:102:17-79
203-->[com.onesignal:OneSignal:4.4.0] AndroidManifest.xml:102:25-76
204                <action android:name="android.intent.action.QUICKBOOT_POWERON" />
204-->[com.onesignal:OneSignal:4.4.0] AndroidManifest.xml:103:17-82
204-->[com.onesignal:OneSignal:4.4.0] AndroidManifest.xml:103:25-79
205            </intent-filter>
206        </receiver>
207        <receiver android:name="com.onesignal.UpgradeReceiver" >
207-->[com.onesignal:OneSignal:4.4.0] AndroidManifest.xml:106:9-110:20
207-->[com.onesignal:OneSignal:4.4.0] AndroidManifest.xml:106:19-63
208            <intent-filter>
208-->[com.onesignal:OneSignal:4.4.0] AndroidManifest.xml:107:13-109:29
209                <action android:name="android.intent.action.MY_PACKAGE_REPLACED" />
209-->[com.onesignal:OneSignal:4.4.0] AndroidManifest.xml:108:17-84
209-->[com.onesignal:OneSignal:4.4.0] AndroidManifest.xml:108:25-81
210            </intent-filter>
211        </receiver>
212
213        <activity
213-->[com.onesignal:OneSignal:4.4.0] AndroidManifest.xml:112:9-115:75
214            android:name="com.onesignal.NotificationOpenedReceiver"
214-->[com.onesignal:OneSignal:4.4.0] AndroidManifest.xml:113:13-68
215            android:noHistory="true"
215-->[com.onesignal:OneSignal:4.4.0] AndroidManifest.xml:114:13-37
216            android:theme="@android:style/Theme.Translucent.NoTitleBar" />
216-->[com.onesignal:OneSignal:4.4.0] AndroidManifest.xml:115:13-72
217
218        <provider
218-->[com.facebook.react:react-native-webview:10.9.0-jitsi-5932602] AndroidManifest.xml:12:9-20:20
219            android:name="com.reactnativecommunity.webview.RNCWebViewFileProvider"
219-->[com.facebook.react:react-native-webview:10.9.0-jitsi-5932602] AndroidManifest.xml:13:13-83
220            android:authorities="com.example.cva_videollamada.fileprovider"
220-->[com.facebook.react:react-native-webview:10.9.0-jitsi-5932602] AndroidManifest.xml:14:13-64
221            android:exported="false"
221-->[com.facebook.react:react-native-webview:10.9.0-jitsi-5932602] AndroidManifest.xml:15:13-37
222            android:grantUriPermissions="true" >
222-->[com.facebook.react:react-native-webview:10.9.0-jitsi-5932602] AndroidManifest.xml:16:13-47
223            <meta-data
223-->[com.facebook.react:react-native-webview:10.9.0-jitsi-5932602] AndroidManifest.xml:17:13-19:63
224                android:name="android.support.FILE_PROVIDER_PATHS"
224-->[com.facebook.react:react-native-webview:10.9.0-jitsi-5932602] AndroidManifest.xml:18:17-67
225                android:resource="@xml/file_provider_paths" />
225-->[com.facebook.react:react-native-webview:10.9.0-jitsi-5932602] AndroidManifest.xml:19:17-60
226        </provider>
227
228        <receiver
228-->[com.google.firebase:firebase-messaging:22.0.0] AndroidManifest.xml:28:9-35:20
229            android:name="com.google.firebase.iid.FirebaseInstanceIdReceiver"
229-->[com.google.firebase:firebase-messaging:22.0.0] AndroidManifest.xml:29:13-78
230            android:exported="true"
230-->[com.google.firebase:firebase-messaging:22.0.0] AndroidManifest.xml:30:13-36
231            android:permission="com.google.android.c2dm.permission.SEND" >
231-->[com.google.firebase:firebase-messaging:22.0.0] AndroidManifest.xml:31:13-73
232            <intent-filter>
232-->[com.google.firebase:firebase-messaging:22.0.0] AndroidManifest.xml:32:13-34:29
233                <action android:name="com.google.android.c2dm.intent.RECEIVE" />
233-->[com.onesignal:OneSignal:4.4.0] AndroidManifest.xml:55:17-81
233-->[com.onesignal:OneSignal:4.4.0] AndroidManifest.xml:55:25-78
234            </intent-filter>
235        </receiver>
236        <!--
237             FirebaseMessagingService performs security checks at runtime,
238             but set to not exported to explicitly avoid allowing another app to call it.
239        -->
240        <service
240-->[com.google.firebase:firebase-messaging:22.0.0] AndroidManifest.xml:41:9-48:19
241            android:name="com.google.firebase.messaging.FirebaseMessagingService"
241-->[com.google.firebase:firebase-messaging:22.0.0] AndroidManifest.xml:42:13-82
242            android:directBootAware="true"
242-->[com.google.firebase:firebase-messaging:22.0.0] AndroidManifest.xml:43:13-43
243            android:exported="false" >
243-->[com.google.firebase:firebase-messaging:22.0.0] AndroidManifest.xml:44:13-37
244            <intent-filter android:priority="-500" >
244-->src\main\AndroidManifest.xml:59:13-61:29
245                <action android:name="com.google.firebase.MESSAGING_EVENT" />
245-->src\main\AndroidManifest.xml:60:17-78
245-->src\main\AndroidManifest.xml:60:25-75
246            </intent-filter>
247        </service>
248        <service
248-->[com.google.firebase:firebase-messaging:22.0.0] AndroidManifest.xml:49:9-55:19
249            android:name="com.google.firebase.components.ComponentDiscoveryService"
249-->[com.google.firebase:firebase-messaging:22.0.0] AndroidManifest.xml:50:13-84
250            android:directBootAware="true"
250-->[com.google.firebase:firebase-common:20.0.0] AndroidManifest.xml:35:13-43
251            android:exported="false" >
251-->[com.google.firebase:firebase-messaging:22.0.0] AndroidManifest.xml:51:13-37
252            <meta-data
252-->[com.google.firebase:firebase-messaging:22.0.0] AndroidManifest.xml:52:13-54:85